TN:
SF:08_calculator/calculator.js
FN:1,(anonymous_0)
FN:5,(anonymous_1)
FN:9,(anonymous_2)
FN:17,(anonymous_3)
FN:25,(anonymous_4)
FN:33,(anonymous_5)
FNF:6
FNH:6
FNDA:3,(anonymous_0)
FNDA:1,(anonymous_1)
FNDA:4,(anonymous_2)
FNDA:2,(anonymous_3)
FNDA:1,(anonymous_4)
FNDA:19,(anonymous_5)
DA:1,1
DA:2,3
DA:5,1
DA:6,1
DA:9,1
DA:10,4
DA:11,4
DA:12,8
DA:14,4
DA:17,1
DA:18,2
DA:19,2
DA:20,9
DA:22,2
DA:25,1
DA:26,1
DA:27,1
DA:28,3
DA:30,1
DA:33,1
DA:34,19
DA:35,1
DA:36,18
DA:37,4
DA:39,14
DA:44,1
LF:26
LH:26
BRDA:34,0,0,1
BRDA:34,0,1,18
BRDA:36,1,0,4
BRDA:36,1,1,14
BRF:4
BRH:4
end_of_record
